<?xml version="1.0" encoding="UTF-8"?>
<testng-results ignored="0" total="1" passed="1" failed="0" skipped="0">
  <reporter-output>
  </reporter-output>
  <suite started-at="2023-01-03T11:43:38 UTC" name="Default suite" finished-at="2023-01-03T11:43:49 UTC" duration-ms="10471">
    <groups>
    </groups>
    <test started-at="2023-01-03T11:43:38 UTC" name="Default test" finished-at="2023-01-03T11:43:49 UTC" duration-ms="10471">
      <class name="testproject.Test1">
        <test-method is-config="true" signature="OpenBrowser()[pri:0, instance:testproject.Test1@342c38f8]" started-at="2023-01-03T11:43:38 UTC" name="OpenBrowser" finished-at="2023-01-03T11:43:41 UTC" duration-ms="2267" status="PASS">
          <reporter-output>
          </reporter-output>
        </test-method> <!-- OpenBrowser -->
        <test-method signature="HomepageTest()[pri:0, instance:testproject.Test1@342c38f8]" started-at="2023-01-03T11:43:41 UTC" name="HomepageTest" finished-at="2023-01-03T11:43:49 UTC" duration-ms="8058" status="PASS">
          <reporter-output>
          </reporter-output>
        </test-method> <!-- HomepageTest -->
        <test-method is-config="true" signature="CloseBrowser()[pri:0, instance:testproject.Test1@342c38f8]" started-at="2023-01-03T11:43:49 UTC" name="CloseBrowser" finished-at="2023-01-03T11:43:49 UTC" duration-ms="104" status="PASS">
          <reporter-output>
          </reporter-output>
        </test-method> <!-- CloseBrowser -->
      </class> <!-- testproject.Test1 -->
    </test> <!-- Default test -->
  </suite> <!-- Default suite -->
</testng-results>
